<?xml version="1.0" encoding="utf-8"?><testsuites name="pytest tests"><testsuite name="pytest" errors="0" failures="0" skipped="0" tests="18" time="9.070" timestamp="2026-06-22T10:27:15.342650+00:00" hostname="agent-env-08bd5468-4e84-4b1c-a464-a536dd58cb4d"><testcase classname="tests.test_api" name="test_login_correcto" time="0.508" /><testcase classname="tests.test_api" name="test_login_incorrecto" time="0.266" /><testcase classname="tests.test_api" name="test_me_requiere_token" time="0.043" /><testcase classname="tests.test_api" name="test_socio_no_puede_crear_multa" time="0.354" /><testcase classname="tests.test_api" name="test_crear_pagar_multa_conserva_fechas" time="0.484" /><testcase classname="tests.test_api" name="test_aislamiento_multitenant" time="0.705" /><testcase classname="tests.test_api" name="test_notificacion_pendientes" time="0.714" /><testcase classname="tests.test_api" name="test_vista_publica_socios" time="0.044" /><testcase classname="tests.test_extra" name="test_pozos_publicos" time="0.110" /><testcase classname="tests.test_extra" name="test_pozo_socios_publicos_y_turno" time="0.328" /><testcase classname="tests.test_extra" name="test_auth_me_y_pozo" time="0.312" /><testcase classname="tests.test_extra" name="test_turnos_calendario" time="0.306" /><testcase classname="tests.test_extra" name="test_historial_y_estadisticas" time="0.348" /><testcase classname="tests.test_extra" name="test_emergencia_y_notificacion" time="0.666" /><testcase classname="tests.test_extra" name="test_dia_sin_servicio_crear_y_borrar" time="0.559" /><testcase classname="tests.test_extra" name="test_multa_edicion_y_mias" time="0.859" /><testcase classname="tests.test_extra" name="test_change_password_y_revert" time="1.797" /><testcase classname="tests.test_extra" name="test_change_password_wrong_current" time="0.536" /></testsuite></testsuites>