<?xml version="1.0" encoding="utf-8"?><testsuites name="pytest tests"><testsuite name="pytest" errors="0" failures="0" skipped="0" tests="7" time="0.625" timestamp="2026-09-21T02:24:18.607859+00:00" hostname="agent-env-08bd5468-4e84-4b1c-a464-a536dd58cb4d"><testcase classname="backend.tests.test_timezone_fix.TestTurnoHoyTimezone" name="test_discrepancy_exists" time="0.000" /><testcase classname="backend.tests.test_timezone_fix.TestTurnoHoyTimezone" name="test_turno_hoy_returns_local_date" time="0.006" /><testcase classname="backend.tests.test_timezone_fix.TestTurnoHoyTimezone" name="test_turno_hoy_socio_matches_local" time="0.088" /><testcase classname="backend.tests.test_timezone_fix.TestTurnoHoyTimezone" name="test_socios_en_turno_matches_local" time="0.043" /><testcase classname="backend.tests.test_timezone_fix.TestRegression" name="test_list_pozos" time="0.043" /><testcase classname="backend.tests.test_timezone_fix.TestRegression" name="test_login_contador_isidro" time="0.271" /><testcase classname="backend.tests.test_timezone_fix.TestRegression" name="test_calendario_septiembre_2026" time="0.046" /></testsuite></testsuites>